<?xml version="1.0" encoding="UTF-8"?>
<testsuite xmlns:xsi="http://www.w3.org/2001/XMLSchema-instance" xsi:noNamespaceSchemaLocation="https://maven.apache.org/surefire/maven-surefire-plugin/xsd/surefire-test-report-3.0.xsd" version="3.0" name="tn.esprit.tpfoyer.TpFoyerApplicationTests" time="5.992" tests="1" errors="0" skipped="0" failures="0">
  <properties>
[...]
</properties>
  <testcase name="contextLoads" classname="tn.esprit.tpfoyer.TpFoyerApplicationTests" time="0.454">
    <system-out><![CDATA[20:17:50.641 [main] INFO org.springframework.test.context.support.AnnotationConfigContextLoaderUtils -- Could not detect default configuration classes for test class [tn.esprit.tpfoyer.TpFoyerApplicationTests]: TpFoyerApplicationTests does not declare any static, non-private, non-final, nested classes annotated with @Configuration.
20:17:50.733 [main] INFO org.springframework.boot.test.context.SpringBootTestContextBootstrapper -- Found @SpringBootConfiguration tn.esprit.tpfoyer.TpFoyerApplication for test class tn.esprit.tpfoyer.TpFoyerApplicationTests

  .   ____          _            __ _ _
 /\\ / ___'_ __ _ _(_)_ __  __ _ \ \ \ \
( ( )\___ | '_ | '_| | '_ \/ _` | \ \ \ \
 \\/  ___)| |_)| | | | | || (_| |  ) ) ) )
  '  |____| .__|_| |_|_| |_\__, | / / / /
 =========|_|==============|___/=/_/_/_/

 :: Spring Boot ::                (v3.3.4)

2025-04-06T20:17:51.250+01:00  WARN 5232 --- [tp-foyer] [           main] ory$DuplicateJsonObjectContextCustomizer : 

Found multiple occurrences of org.json.JSONObject on the class path:

	jar:file:/C:/Users/ilyes/.m2/repository/com/vaadin/external/google/android-json/0.0.20131108.vaadin1/android-json-0.0.20131108.vaadin1.jar!/org/json/JSONObject.class
	jar:file:/C:/Users/ilyes/.m2/repository/org/json/json/20231013/json-20231013.jar!/org/json/JSONObject.class

You may wish to exclude one of them to ensure predictable runtime behavior

2025-04-06T20:17:51.282+01:00  INFO 5232 --- [tp-foyer] [           main] t.e.tpfoyer.TpFoyerApplicationTests      : Starting TpFoyerApplicationTests using Java 21.0.6 with PID 5232 (started by ilyes in C:\Users\ilyes\Downloads\wetransfer_construction-lass-zip_2025-03-27_1205\tp-foyer lass\tp-foyer lass\tp-foyer lass\tp-foyer)
2025-04-06T20:17:51.283+01:00  INFO 5232 --- [tp-foyer] [           main] t.e.tpfoyer.TpFoyerApplicationTests      : No active profile set, falling back to 1 default profile: "default"
2025-04-06T20:17:52.149+01:00  INFO 5232 --- [tp-foyer] [           main] .s.d.r.c.RepositoryConfigurationDelegate : Bootstrapping Spring Data JPA repositories in DEFAULT mode.
2025-04-06T20:17:52.203+01:00  INFO 5232 --- [tp-foyer] [           main] .s.d.r.c.RepositoryConfigurationDelegate : Finished Spring Data repository scanning in 47 ms. Found 2 JPA repository interfaces.
2025-04-06T20:17:52.766+01:00  INFO 5232 --- [tp-foyer] [           main] o.hibernate.jpa.internal.util.LogHelper  : HHH000204: Processing PersistenceUnitInfo [name: default]
2025-04-06T20:17:52.827+01:00  INFO 5232 --- [tp-foyer] [           main] org.hibernate.Version                    : HHH000412: Hibernate ORM core version 6.5.3.Final
2025-04-06T20:17:52.867+01:00  INFO 5232 --- [tp-foyer] [           main] o.h.c.internal.RegionFactoryInitiator    : HHH000026: Second-level cache disabled
2025-04-06T20:17:53.345+01:00  INFO 5232 --- [tp-foyer] [           main] o.s.o.j.p.SpringPersistenceUnitInfo      : No LoadTimeWeaver setup: ignoring JPA class transformer
2025-04-06T20:17:53.396+01:00  INFO 5232 --- [tp-foyer] [           main] com.zaxxer.hikari.HikariDataSource       : HikariPool-1 - Starting...
2025-04-06T20:17:53.588+01:00  INFO 5232 --- [tp-foyer] [           main] com.zaxxer.hikari.pool.HikariPool        : HikariPool-1 - Added connection com.mysql.cj.jdbc.ConnectionImpl@7ff6804a
2025-04-06T20:17:53.591+01:00  INFO 5232 --- [tp-foyer] [           main] com.zaxxer.hikari.HikariDataSource       : HikariPool-1 - Start completed.
2025-04-06T20:17:53.643+01:00  WARN 5232 --- [tp-foyer] [           main] org.hibernate.dialect.Dialect            : HHH000511: The 5.5.5 version for [org.hibernate.dialect.MySQLDialect] is no longer supported, hence certain features may not work properly. The minimum supported version is 8.0.0. Check the community dialects project for available legacy versions.
2025-04-06T20:17:54.383+01:00  INFO 5232 --- [tp-foyer] [           main] o.h.e.t.j.p.i.JtaPlatformInitiator       : HHH000489: No JTA platform available (set 'hibernate.transaction.jta.platform' to enable JTA platform integration)
2025-04-06T20:17:54.463+01:00  INFO 5232 --- [tp-foyer] [           main] j.LocalContainerEntityManagerFactoryBean : Initialized JPA EntityManagerFactory for persistence unit 'default'
2025-04-06T20:17:55.100+01:00  WARN 5232 --- [tp-foyer] [           main] JpaBaseConfiguration$JpaWebConfiguration : spring.jpa.open-in-view is enabled by default. Therefore, database queries may be performed during view rendering. Explicitly configure spring.jpa.open-in-view to disable this warning
2025-04-06T20:17:55.998+01:00  INFO 5232 --- [tp-foyer] [           main] t.e.tpfoyer.TpFoyerApplicationTests      : Started TpFoyerApplicationTests in 5.078 seconds (process running for 5.952)
]]></system-out>
    <system-err><![CDATA[WARNING: A Java agent has been loaded dynamically (C:\Users\ilyes\.m2\repository\net\bytebuddy\byte-buddy-agent\1.14.19\byte-buddy-agent-1.14.19.jar)
WARNING: If a serviceability tool is in use, please run with -XX:+EnableDynamicAgentLoading to hide this warning
WARNING: If a serviceability tool is not in use, please run with -Djdk.instrument.traceUsage for more information
WARNING: Dynamic loading of agents will be disallowed by default in a future release
]]></system-err>
  </testcase>
</testsuite>